{"/Users/cdu2620/fullstack-final-project-cdu2620/app.js": {"path":"/Users/cdu2620/fullstack-final-project-cdu2620/app.js","statementMap":{"0":{"start":{"line":1,"column":18},"end":{"line":1,"column":40}},"1":{"start":{"line":2,"column":14},"end":{"line":2,"column":32}},"2":{"start":{"line":3,"column":11},"end":{"line":3,"column":26}},"3":{"start":{"line":4,"column":19},"end":{"line":4,"column":43}},"4":{"start":{"line":5,"column":13},"end":{"line":5,"column":30}},"5":{"start":{"line":7,"column":18},"end":{"line":7,"column":43}},"6":{"start":{"line":8,"column":18},"end":{"line":8,"column":43}},"7":{"start":{"line":10,"column":10},"end":{"line":10,"column":19}},"8":{"start":{"line":12,"column":15},"end":{"line":12,"column":34}},"9":{"start":{"line":14,"column":14},"end":{"line":14,"column":117}},"10":{"start":{"line":15,"column":0},"end":{"line":15,"column":77}},"11":{"start":{"line":18,"column":9},"end":{"line":18,"column":28}},"12":{"start":{"line":21,"column":0},"end":{"line":21,"column":73}},"13":{"start":{"line":24,"column":0},"end":{"line":24,"column":48}},"14":{"start":{"line":25,"column":0},"end":{"line":25,"column":30}},"15":{"start":{"line":27,"column":0},"end":{"line":27,"column":23}},"16":{"start":{"line":28,"column":0},"end":{"line":28,"column":24}},"17":{"start":{"line":29,"column":0},"end":{"line":29,"column":49}},"18":{"start":{"line":30,"column":0},"end":{"line":30,"column":24}},"19":{"start":{"line":31,"column":0},"end":{"line":31,"column":56}},"20":{"start":{"line":33,"column":0},"end":{"line":33,"column":26}},"21":{"start":{"line":34,"column":0},"end":{"line":34,"column":31}},"22":{"start":{"line":37,"column":0},"end":{"line":39,"column":3}},"23":{"start":{"line":38,"column":2},"end":{"line":38,"column":25}},"24":{"start":{"line":42,"column":0},"end":{"line":50,"column":3}},"25":{"start":{"line":44,"column":2},"end":{"line":44,"column":35}},"26":{"start":{"line":45,"column":2},"end":{"line":45,"column":69}},"27":{"start":{"line":48,"column":2},"end":{"line":48,"column":32}},"28":{"start":{"line":49,"column":2},"end":{"line":49,"column":22}},"29":{"start":{"line":52,"column":0},"end":{"line":52,"column":21}}},"fnMap":{"0":{"name":"(anonymous_0)","decl":{"start":{"line":37,"column":8},"end":{"line":37,"column":9}},"loc":{"start":{"line":37,"column":33},"end":{"line":39,"column":1}},"line":37},"1":{"name":"(anonymous_1)","decl":{"start":{"line":42,"column":8},"end":{"line":42,"column":9}},"loc":{"start":{"line":42,"column":38},"end":{"line":50,"column":1}},"line":42}},"branchMap":{"0":{"loc":{"start":{"line":45,"column":21},"end":{"line":45,"column":68}},"type":"cond-expr","locations":[{"start":{"line":45,"column":60},"end":{"line":45,"column":63}},{"start":{"line":45,"column":66},"end":{"line":45,"column":68}}],"line":45},"1":{"loc":{"start":{"line":48,"column":13},"end":{"line":48,"column":30}},"type":"binary-expr","locations":[{"start":{"line":48,"column":13},"end":{"line":48,"column":23}},{"start":{"line":48,"column":27},"end":{"line":48,"column":30}}],"line":48}},"s":{"0":1,"1":1,"2":1,"3":1,"4":1,"5":1,"6":1,"7":1,"8":1,"9":1,"10":1,"11":1,"12":1,"13":1,"14":1,"15":1,"16":1,"17":1,"18":1,"19":1,"20":1,"21":1,"22":1,"23":0,"24":1,"25":0,"26":0,"27":0,"28":0,"29":1},"f":{"0":0,"1":0},"b":{"0":[0,0],"1":[0,0]},"_coverageSchema":"1a1c01bbd47fc00a2c39e90264f33305004495a9","hash":"a85f2526ca2180cbc1ed85579501517077666489"}
,"/Users/cdu2620/fullstack-final-project-cdu2620/routes/index.js": {"path":"/Users/cdu2620/fullstack-final-project-cdu2620/routes/index.js","statementMap":{"0":{"start":{"line":1,"column":14},"end":{"line":1,"column":32}},"1":{"start":{"line":2,"column":13},"end":{"line":2,"column":29}},"2":{"start":{"line":3,"column":16},"end":{"line":3,"column":34}},"3":{"start":{"line":4,"column":17},"end":{"line":4,"column":36}},"4":{"start":{"line":5,"column":11},"end":{"line":5,"column":30}},"5":{"start":{"line":6,"column":15},"end":{"line":6,"column":30}},"6":{"start":{"line":7,"column":17},"end":{"line":7,"column":136}},"7":{"start":{"line":8,"column":16},"end":{"line":8,"column":62}},"8":{"start":{"line":11,"column":0},"end":{"line":13,"column":3}},"9":{"start":{"line":12,"column":2},"end":{"line":12,"column":50}},"10":{"start":{"line":15,"column":0},"end":{"line":26,"column":3}},"11":{"start":{"line":16,"column":14},"end":{"line":16,"column":29}},"12":{"start":{"line":17,"column":18},"end":{"line":17,"column":117}},"13":{"start":{"line":18,"column":4},"end":{"line":25,"column":6}},"14":{"start":{"line":19,"column":8},"end":{"line":24,"column":9}},"15":{"start":{"line":20,"column":12},"end":{"line":20,"column":31}},"16":{"start":{"line":22,"column":23},"end":{"line":22,"column":50}},"17":{"start":{"line":23,"column":12},"end":{"line":23,"column":67}},"18":{"start":{"line":28,"column":0},"end":{"line":47,"column":3}},"19":{"start":{"line":29,"column":2},"end":{"line":45,"column":3}},"20":{"start":{"line":30,"column":4},"end":{"line":37,"column":5}},"21":{"start":{"line":30,"column":17},"end":{"line":30,"column":18}},"22":{"start":{"line":31,"column":17},"end":{"line":31,"column":43}},"23":{"start":{"line":32,"column":18},"end":{"line":32,"column":25}},"24":{"start":{"line":33,"column":17},"end":{"line":33,"column":36}},"25":{"start":{"line":34,"column":17},"end":{"line":34,"column":107}},"26":{"start":{"line":35,"column":6},"end":{"line":35,"column":56}},"27":{"start":{"line":35,"column":27},"end":{"line":35,"column":52}},"28":{"start":{"line":35,"column":36},"end":{"line":35,"column":52}},"29":{"start":{"line":36,"column":6},"end":{"line":36,"column":82}},"30":{"start":{"line":39,"column":7},"end":{"line":45,"column":3}},"31":{"start":{"line":40,"column":15},"end":{"line":40,"column":38}},"32":{"start":{"line":41,"column":16},"end":{"line":41,"column":23}},"33":{"start":{"line":42,"column":15},"end":{"line":42,"column":105}},"34":{"start":{"line":43,"column":4},"end":{"line":43,"column":54}},"35":{"start":{"line":43,"column":25},"end":{"line":43,"column":50}},"36":{"start":{"line":43,"column":34},"end":{"line":43,"column":50}},"37":{"start":{"line":44,"column":4},"end":{"line":44,"column":84}},"38":{"start":{"line":46,"column":2},"end":{"line":46,"column":82}},"39":{"start":{"line":49,"column":0},"end":{"line":55,"column":3}},"40":{"start":{"line":50,"column":13},"end":{"line":50,"column":15}},"41":{"start":{"line":51,"column":2},"end":{"line":53,"column":3}},"42":{"start":{"line":52,"column":4},"end":{"line":52,"column":28}},"43":{"start":{"line":54,"column":2},"end":{"line":54,"column":68}},"44":{"start":{"line":57,"column":0},"end":{"line":57,"column":24}}},"fnMap":{"0":{"name":"(anonymous_0)","decl":{"start":{"line":11,"column":16},"end":{"line":11,"column":17}},"loc":{"start":{"line":11,"column":41},"end":{"line":13,"column":1}},"line":11},"1":{"name":"(anonymous_1)","decl":{"start":{"line":15,"column":24},"end":{"line":15,"column":25}},"loc":{"start":{"line":15,"column":49},"end":{"line":26,"column":1}},"line":15},"2":{"name":"(anonymous_2)","decl":{"start":{"line":18,"column":23},"end":{"line":18,"column":24}},"loc":{"start":{"line":18,"column":48},"end":{"line":25,"column":5}},"line":18},"3":{"name":"(anonymous_3)","decl":{"start":{"line":28,"column":26},"end":{"line":28,"column":27}},"loc":{"start":{"line":28,"column":51},"end":{"line":47,"column":1}},"line":28},"4":{"name":"(anonymous_4)","decl":{"start":{"line":35,"column":16},"end":{"line":35,"column":17}},"loc":{"start":{"line":35,"column":25},"end":{"line":35,"column":54}},"line":35},"5":{"name":"(anonymous_5)","decl":{"start":{"line":43,"column":14},"end":{"line":43,"column":15}},"loc":{"start":{"line":43,"column":23},"end":{"line":43,"column":52}},"line":43},"6":{"name":"(anonymous_6)","decl":{"start":{"line":49,"column":25},"end":{"line":49,"column":26}},"loc":{"start":{"line":49,"column":56},"end":{"line":55,"column":1}},"line":49}},"branchMap":{"0":{"loc":{"start":{"line":19,"column":8},"end":{"line":24,"column":9}},"type":"if","locations":[{"start":{"line":19,"column":8},"end":{"line":24,"column":9}},{"start":{"line":21,"column":13},"end":{"line":24,"column":9}}],"line":19},"1":{"loc":{"start":{"line":29,"column":2},"end":{"line":45,"column":3}},"type":"if","locations":[{"start":{"line":29,"column":2},"end":{"line":45,"column":3}},{"start":{"line":39,"column":7},"end":{"line":45,"column":3}}],"line":29},"2":{"loc":{"start":{"line":35,"column":27},"end":{"line":35,"column":52}},"type":"if","locations":[{"start":{"line":35,"column":27},"end":{"line":35,"column":52}},{"start":{},"end":{}}],"line":35},"3":{"loc":{"start":{"line":39,"column":7},"end":{"line":45,"column":3}},"type":"if","locations":[{"start":{"line":39,"column":7},"end":{"line":45,"column":3}},{"start":{},"end":{}}],"line":39},"4":{"loc":{"start":{"line":43,"column":25},"end":{"line":43,"column":50}},"type":"if","locations":[{"start":{"line":43,"column":25},"end":{"line":43,"column":50}},{"start":{},"end":{}}],"line":43}},"s":{"0":1,"1":1,"2":1,"3":1,"4":1,"5":1,"6":1,"7":1,"8":1,"9":1,"10":1,"11":1,"12":1,"13":1,"14":1,"15":0,"16":1,"17":1,"18":1,"19":2,"20":1,"21":1,"22":2,"23":2,"24":2,"25":2,"26":2,"27":2,"28":2,"29":2,"30":1,"31":1,"32":1,"33":1,"34":1,"35":1,"36":1,"37":1,"38":2,"39":1,"40":1,"41":1,"42":4,"43":1,"44":1},"f":{"0":1,"1":1,"2":1,"3":2,"4":2,"5":1,"6":1},"b":{"0":[0,1],"1":[1,1],"2":[2,0],"3":[1,0],"4":[1,0]},"_coverageSchema":"1a1c01bbd47fc00a2c39e90264f33305004495a9","hash":"d81b9d06d90ca6cced5cabbd45c1803207e861e3"}
,"/Users/cdu2620/fullstack-final-project-cdu2620/routes/users.js": {"path":"/Users/cdu2620/fullstack-final-project-cdu2620/routes/users.js","statementMap":{"0":{"start":{"line":1,"column":14},"end":{"line":1,"column":32}},"1":{"start":{"line":2,"column":13},"end":{"line":2,"column":29}},"2":{"start":{"line":5,"column":0},"end":{"line":7,"column":3}},"3":{"start":{"line":6,"column":2},"end":{"line":6,"column":38}},"4":{"start":{"line":9,"column":0},"end":{"line":9,"column":24}}},"fnMap":{"0":{"name":"(anonymous_0)","decl":{"start":{"line":5,"column":16},"end":{"line":5,"column":17}},"loc":{"start":{"line":5,"column":41},"end":{"line":7,"column":1}},"line":5}},"branchMap":{},"s":{"0":1,"1":1,"2":1,"3":0,"4":1},"f":{"0":0},"b":{},"_coverageSchema":"1a1c01bbd47fc00a2c39e90264f33305004495a9","hash":"0b5a085f62b2de06aac67b2ad2a3ff54903fcd1e"}
}
